[2023-07-27T10:52:57.195Z][QUERY]: SELECT * FROM current_schema()
[2023-07-27T10:52:57.199Z][QUERY]: SELECT version();
[2023-07-27T10:52:57.201Z][QUERY]: START TRANSACTION
[2023-07-27T10:52:57.202Z][QUERY]: SELECT * FROM "information_schema"."tables" WHERE "table_schema" = 'public' AND "table_name" = 'typeorm_metadata'
[2023-07-27T10:52:57.209Z][QUERY]: COMMIT
[2023-07-27T10:54:07.679Z][QUERY]: SELECT * FROM current_schema()
[2023-07-27T10:54:08.349Z][QUERY]: SELECT version();
[2023-07-27T10:54:08.354Z][QUERY]: START TRANSACTION
[2023-07-27T10:54:08.356Z][QUERY]: SELECT * FROM current_schema()
[2023-07-27T10:54:08.357Z][QUERY]: SELECT * FROM current_database()
[2023-07-27T10:54:08.358Z][QUERY]: SELECT "table_schema", "table_name" FROM "information_schema"."tables" WHERE ("table_schema" = 'public' AND "table_name" = 'clusters') OR ("table_schema" = 'public' AND "table_name" = 'clusters')
[2023-07-27T10:54:08.368Z][QUERY]: SELECT * FROM "information_schema"."tables" WHERE "table_schema" = 'public' AND "table_name" = 'typeorm_metadata'
[2023-07-27T10:54:08.373Z][QUERY]: CREATE TABLE "clusters" ("id" SERIAL NOT NULL, "username" character varying NOT NULL, "projectId" character varying NOT NULL, "organizationId" character varying NOT NULL, "name" character varying NOT NULL, "clusterVersion" character varying NOT NULL, "agentOperatorVersion" character varying NOT NULL, "created_at" TIMESTAMP NOT NULL DEFAULT now(), CONSTRAINT "PK_56c8e201f375e1e961dcdd6831c" PRIMARY KEY ("id"))
[2023-07-27T10:54:08.408Z][QUERY]: ALTER TABLE "clusters" DROP COLUMN "username"
[2023-07-27T10:54:08.411Z][QUERY]: ALTER TABLE "clusters" DROP COLUMN "projectId"
[2023-07-27T10:54:08.411Z][QUERY]: ALTER TABLE "clusters" DROP COLUMN "organizationId"
[2023-07-27T10:54:08.412Z][QUERY]: ALTER TABLE "clusters" DROP COLUMN "name"
[2023-07-27T10:54:08.413Z][QUERY]: ALTER TABLE "clusters" DROP COLUMN "clusterVersion"
[2023-07-27T10:54:08.413Z][QUERY]: ALTER TABLE "clusters" DROP COLUMN "agentOperatorVersion"
[2023-07-27T10:54:08.414Z][QUERY]: ALTER TABLE "clusters" ADD "username" character varying NOT NULL
[2023-07-27T10:54:08.415Z][QUERY]: ALTER TABLE "clusters" ADD "projectId" character varying NOT NULL
[2023-07-27T10:54:08.415Z][QUERY]: ALTER TABLE "clusters" ADD "organizationId" character varying NOT NULL
[2023-07-27T10:54:08.416Z][QUERY]: ALTER TABLE "clusters" ADD "name" character varying NOT NULL
[2023-07-27T10:54:08.416Z][QUERY]: ALTER TABLE "clusters" ADD "clusterVersion" character varying NOT NULL
[2023-07-27T10:54:08.417Z][QUERY]: ALTER TABLE "clusters" ADD "agentOperatorVersion" character varying NOT NULL
[2023-07-27T10:54:08.418Z][QUERY]: ALTER TABLE "clusters" ADD "clusterId" character varying NOT NULL
[2023-07-27T10:54:08.418Z][QUERY]: ALTER TABLE "clusters" ADD "key" character varying NOT NULL
[2023-07-27T10:54:08.420Z][QUERY]: COMMIT
